# JRE version: OpenJDK Runtime Environment (8.0_152-b02) (build 1.8.0_152-release-1024-b02)
# Java VM: OpenJDK 64-Bit Server VM (25.152-b02 mixed mode windows-amd64 compressed oops)
Heap:
 PSYoungGen      total 267776K, used 19965K [0x00000000e0000000, 0x00000000f9000000, 0x0000000100000000)
  eden space 252416K, 1% used [0x00000000e0000000,0x00000000e0487118,0x00000000ef680000)
  from space 15360K, 99% used [0x00000000ef680000,0x00000000f05782f0,0x00000000f0580000)
  to   space 19968K, 0% used [0x00000000f7c80000,0x00000000f7c80000,0x00000000f9000000)
 ParOldGen       total 81408K, used 23207K [0x00000000a0000000, 0x00000000a4f80000, 0x00000000e0000000)
  object space 81408K, 28% used [0x00000000a0000000,0x00000000a16a9c08,0x00000000a4f80000)
 Metaspace       used 57199K, capacity 58926K, committed 59008K, reserved 1099776K
  class space    used 7615K, capacity 8042K, committed 8064K, reserved 1048576K
GC Heap History (10 events):
Event: 15.797 GC heap before
{Heap before GC invocations=7 (full 1):
 PSYoungGen      total 88576K, used 88567K [0x00000000e0000000, 0x00000000e9900000, 0x0000000100000000)
  eden space 81920K, 100% used [0x00000000e0000000,0x00000000e5000000,0x00000000e5000000)
  from space 6656K, 99% used [0x00000000e5000000,0x00000000e567df70,0x00000000e5680000)
  to   space 11264K, 0% used [0x00000000e8e00000,0x00000000e8e00000,0x00000000e9900000)
 ParOldGen       total 67584K, used 10642K [0x00000000a0000000, 0x00000000a4200000, 0x00000000e0000000)
  object space 67584K, 15% used [0x00000000a0000000,0x00000000a0a64b18,0x00000000a4200000)
 Metaspace       used 34441K, capacity 35310K, committed 35416K, reserved 1079296K
  class space    used 4760K, capacity 5083K, committed 5120K, reserved 1048576K
Event: 15.813 GC heap after
Heap after GC invocations=7 (full 1):
 PSYoungGen      total 141824K, used 11237K [0x00000000e0000000, 0x00000000ea000000, 0x0000000100000000)
  eden space 130560K, 0% used [0x00000000e0000000,0x00000000e0000000,0x00000000e7f80000)
  from space 11264K, 99% used [0x00000000e8e00000,0x00000000e98f9610,0x00000000e9900000)
  to   space 14848K, 0% used [0x00000000e7f80000,0x00000000e7f80000,0x00000000e8e00000)
 ParOldGen       total 67584K, used 14032K [0x00000000a0000000, 0x00000000a4200000, 0x00000000e0000000)
  object space 67584K, 20% used [0x00000000a0000000,0x00000000a0db41d8,0x00000000a4200000)
 Metaspace       used 34441K, capacity 35310K, committed 35416K, reserved 1079296K
  class space    used 4760K, capacity 5083K, committed 5120K, reserved 1048576K
}
Event: 15.820 GC heap before
{Heap before GC invocations=8 (full 1):
 PSYoungGen      total 141824K, used 13492K [0x00000000e0000000, 0x00000000ea000000, 0x0000000100000000)
  eden space 130560K, 1% used [0x00000000e0000000,0x00000000e0233a88,0x00000000e7f80000)
  from space 11264K, 99% used [0x00000000e8e00000,0x00000000e98f9610,0x00000000e9900000)
  to   space 14848K, 0% used [0x00000000e7f80000,0x00000000e7f80000,0x00000000e8e00000)
 ParOldGen       total 67584K, used 14032K [0x00000000a0000000, 0x00000000a4200000, 0x00000000e0000000)
  object space 67584K, 20% used [0x00000000a0000000,0x00000000a0db41d8,0x00000000a4200000)
 Metaspace       used 34488K, capacity 35310K, committed 35416K, reserved 1079296K
  class space    used 4767K, capacity 5083K, committed 5120K, reserved 1048576K
Event: 15.831 GC heap after
Heap after GC invocations=8 (full 1):
 PSYoungGen      total 145408K, used 9684K [0x00000000e0000000, 0x00000000f1680000, 0x0000000100000000)
  eden space 130560K, 0% used [0x00000000e0000000,0x00000000e0000000,0x00000000e7f80000)
  from space 14848K, 65% used [0x00000000e7f80000,0x00000000e88f50e0,0x00000000e8e00000)
  to   space 14336K, 0% used [0x00000000f0880000,0x00000000f0880000,0x00000000f1680000)
 ParOldGen       total 67584K, used 14032K [0x00000000a0000000, 0x00000000a4200000, 0x00000000e0000000)
  object space 67584K, 20% used [0x00000000a0000000,0x00000000a0db41d8,0x00000000a4200000)
 Metaspace       used 34488K, capacity 35310K, committed 35416K, reserved 1079296K
  class space    used 4767K, capacity 5083K, committed 5120K, reserved 1048576K
}
Event: 15.831 GC heap before
{Heap before GC invocations=9 (full 2):
 PSYoungGen      total 145408K, used 9684K [0x00000000e0000000, 0x00000000f1680000, 0x0000000100000000)
  eden space 130560K, 0% used [0x00000000e0000000,0x00000000e0000000,0x00000000e7f80000)
  from space 14848K, 65% used [0x00000000e7f80000,0x00000000e88f50e0,0x00000000e8e00000)
  to   space 14336K, 0% used [0x00000000f0880000,0x00000000f0880000,0x00000000f1680000)
 ParOldGen       total 67584K, used 14032K [0x00000000a0000000, 0x00000000a4200000, 0x00000000e0000000)
  object space 67584K, 20% used [0x00000000a0000000,0x00000000a0db41d8,0x00000000a4200000)
 Metaspace       used 34488K, capacity 35310K, committed 35416K, reserved 1079296K
  class space    used 4767K, capacity 5083K, committed 5120K, reserved 1048576K
Event: 15.926 GC heap after
Heap after GC invocations=9 (full 2):
 PSYoungGen      total 145408K, used 0K [0x00000000e0000000, 0x00000000f1680000, 0x0000000100000000)
  eden space 130560K, 0% used [0x00000000e0000000,0x00000000e0000000,0x00000000e7f80000)
  from space 14848K, 0% used [0x00000000e7f80000,0x00000000e7f80000,0x00000000e8e00000)
  to   space 14336K, 0% used [0x00000000f0880000,0x00000000f0880000,0x00000000f1680000)
 ParOldGen       total 81408K, used 16123K [0x00000000a0000000, 0x00000000a4f80000, 0x00000000e0000000)
  object space 81408K, 19% used [0x00000000a0000000,0x00000000a0fbeca0,0x00000000a4f80000)
 Metaspace       used 34470K, capacity 35288K, committed 35416K, reserved 1079296K
  class space    used 4761K, capacity 5077K, committed 5120K, reserved 1048576K
}
Event: 65.153 GC heap before
{Heap before GC invocations=10 (full 2):
 PSYoungGen      total 145408K, used 130560K [0x00000000e0000000, 0x00000000f1680000, 0x0000000100000000)
  eden space 130560K, 100% used [0x00000000e0000000,0x00000000e7f80000,0x00000000e7f80000)
  from space 14848K, 0% used [0x00000000e7f80000,0x00000000e7f80000,0x00000000e8e00000)
  to   space 14336K, 0% used [0x00000000f0880000,0x00000000f0880000,0x00000000f1680000)
 ParOldGen       total 81408K, used 16123K [0x00000000a0000000, 0x00000000a4f80000, 0x00000000e0000000)
  object space 81408K, 19% used [0x00000000a0000000,0x00000000a0fbeca0,0x00000000a4f80000)
 Metaspace       used 46206K, capacity 47240K, committed 47616K, reserved 1091584K
  class space    used 6094K, capacity 6394K, committed 6400K, reserved 1048576K
Event: 65.181 GC heap after
Heap after GC invocations=10 (full 2):
 PSYoungGen      total 257536K, used 12165K [0x00000000e0000000, 0x00000000f1480000, 0x0000000100000000)
  eden space 245248K, 0% used [0x00000000e0000000,0x00000000e0000000,0x00000000eef80000)
  from space 12288K, 98% used [0x00000000f0880000,0x00000000f1461418,0x00000000f1480000)
  to   space 15360K, 0% used [0x00000000ef680000,0x00000000ef680000,0x00000000f0580000)
 ParOldGen       total 81408K, used 16131K [0x00000000a0000000, 0x00000000a4f80000, 0x00000000e0000000)
  object space 81408K, 19% used [0x00000000a0000000,0x00000000a0fc0ca0,0x00000000a4f80000)
 Metaspace       used 46206K, capacity 47240K, committed 47616K, reserved 1091584K
  class space    used 6094K, capacity 6394K, committed 6400K, reserved 1048576K
}
Event: 69.265 GC heap before
{Heap before GC invocations=11 (full 2):
 PSYoungGen      total 257536K, used 257413K [0x00000000e0000000, 0x00000000f1480000, 0x0000000100000000)
  eden space 245248K, 100% used [0x00000000e0000000,0x00000000eef80000,0x00000000eef80000)
  from space 12288K, 98% used [0x00000000f0880000,0x00000000f1461418,0x00000000f1480000)
  to   space 15360K, 0% used [0x00000000ef680000,0x00000000ef680000,0x00000000f0580000)
 ParOldGen       total 81408K, used 16131K [0x00000000a0000000, 0x00000000a4f80000, 0x00000000e0000000)
  object space 81408K, 19% used [0x00000000a0000000,0x00000000a0fc0ca0,0x00000000a4f80000)
 Metaspace       used 57160K, capacity 58926K, committed 59008K, reserved 1099776K
  class space    used 7612K, capacity 8042K, committed 8064K, reserved 1048576K
Event: 69.302 GC heap after
Heap after GC invocations=11 (full 2):
 PSYoungGen      total 267776K, used 15328K [0x00000000e0000000, 0x00000000f9000000, 0x0000000100000000)
  eden space 252416K, 0% used [0x00000000e0000000,0x00000000e0000000,0x00000000ef680000)
  from space 15360K, 99% used [0x00000000ef680000,0x00000000f05782f0,0x00000000f0580000)
  to   space 19968K, 0% used [0x00000000f7c80000,0x00000000f7c80000,0x00000000f9000000)
 ParOldGen       total 81408K, used 23207K [0x00000000a0000000, 0x00000000a4f80000, 0x00000000e0000000)
  object space 81408K, 28% used [0x00000000a0000000,0x00000000a16a9c08,0x00000000a4f80000)
 Metaspace       used 57160K, capacity 58926K, committed 59008K, reserved 1099776K
  class space    used 7612K, capacity 8042K, committed 8064K, reserved 1048576K
}

