# JRE version: OpenJDK Runtime Environment (8.0_152-b02) (build 1.8.0_152-release-1024-b02)
# Java VM: OpenJDK 64-Bit Server VM (25.152-b02 mixed mode windows-amd64 compressed oops)
Heap:
 PSYoungGen      total 309248K, used 122089K [0x00000000e0000000, 0x00000000f4380000, 0x0000000100000000)
  eden space 290816K, 35% used [0x00000000e0000000,0x00000000e653acd8,0x00000000f1c00000)
  from space 18432K, 99% used [0x00000000f1c00000,0x00000000f2dff908,0x00000000f2e00000)
  to   space 18432K, 0% used [0x00000000f2e00000,0x00000000f2e00000,0x00000000f4000000)
 ParOldGen       total 132608K, used 39147K [0x00000000a0000000, 0x00000000a8180000, 0x00000000e0000000)
  object space 132608K, 29% used [0x00000000a0000000,0x00000000a263acc0,0x00000000a8180000)
 Metaspace       used 65958K, capacity 68422K, committed 68568K, reserved 1107968K
  class space    used 8717K, capacity 9308K, committed 9432K, reserved 1048576K
GC Heap History (10 events):
Event: 8.761 GC heap before
{Heap before GC invocations=10 (full 2):
 PSYoungGen      total 134144K, used 120320K [0x00000000e0000000, 0x00000000eef80000, 0x0000000100000000)
  eden space 120320K, 100% used [0x00000000e0000000,0x00000000e7580000,0x00000000e7580000)
  from space 13824K, 0% used [0x00000000e7580000,0x00000000e7580000,0x00000000e8300000)
  to   space 13312K, 0% used [0x00000000ee280000,0x00000000ee280000,0x00000000eef80000)
 ParOldGen       total 94720K, used 15481K [0x00000000a0000000, 0x00000000a5c80000, 0x00000000e0000000)
  object space 94720K, 16% used [0x00000000a0000000,0x00000000a0f1e5e0,0x00000000a5c80000)
 Metaspace       used 42099K, capacity 43286K, committed 43608K, reserved 1087488K
  class space    used 5778K, capacity 6131K, committed 6232K, reserved 1048576K
Event: 8.781 GC heap after
Heap after GC invocations=10 (full 2):
 PSYoungGen      total 220672K, used 13284K [0x00000000e0000000, 0x00000000eef80000, 0x0000000100000000)
  eden space 207360K, 0% used [0x00000000e0000000,0x00000000e0000000,0x00000000eca80000)
  from space 13312K, 99% used [0x00000000ee280000,0x00000000eef79040,0x00000000eef80000)
  to   space 14848K, 0% used [0x00000000ed280000,0x00000000ed280000,0x00000000ee100000)
 ParOldGen       total 94720K, used 15604K [0x00000000a0000000, 0x00000000a5c80000, 0x00000000e0000000)
  object space 94720K, 16% used [0x00000000a0000000,0x00000000a0f3d2f8,0x00000000a5c80000)
 Metaspace       used 42099K, capacity 43286K, committed 43608K, reserved 1087488K
  class space    used 5778K, capacity 6131K, committed 6232K, reserved 1048576K
}
Event: 12.399 GC heap before
{Heap before GC invocations=11 (full 2):
 PSYoungGen      total 220672K, used 220644K [0x00000000e0000000, 0x00000000eef80000, 0x0000000100000000)
  eden space 207360K, 100% used [0x00000000e0000000,0x00000000eca80000,0x00000000eca80000)
  from space 13312K, 99% used [0x00000000ee280000,0x00000000eef79040,0x00000000eef80000)
  to   space 14848K, 0% used [0x00000000ed280000,0x00000000ed280000,0x00000000ee100000)
 ParOldGen       total 94720K, used 15604K [0x00000000a0000000, 0x00000000a5c80000, 0x00000000e0000000)
  object space 94720K, 16% used [0x00000000a0000000,0x00000000a0f3d2f8,0x00000000a5c80000)
 Metaspace       used 52207K, capacity 54032K, committed 54232K, reserved 1095680K
  class space    used 7185K, capacity 7636K, committed 7640K, reserved 1048576K
Event: 12.428 GC heap after
Heap after GC invocations=11 (full 2):
 PSYoungGen      total 230400K, used 14844K [0x00000000e0000000, 0x00000000f4000000, 0x0000000100000000)
  eden space 215552K, 0% used [0x00000000e0000000,0x00000000e0000000,0x00000000ed280000)
  from space 14848K, 99% used [0x00000000ed280000,0x00000000ee0ff328,0x00000000ee100000)
  to   space 18432K, 0% used [0x00000000f2e00000,0x00000000f2e00000,0x00000000f4000000)
 ParOldGen       total 94720K, used 20127K [0x00000000a0000000, 0x00000000a5c80000, 0x00000000e0000000)
  object space 94720K, 21% used [0x00000000a0000000,0x00000000a13a7cc8,0x00000000a5c80000)
 Metaspace       used 52207K, capacity 54032K, committed 54232K, reserved 1095680K
  class space    used 7185K, capacity 7636K, committed 7640K, reserved 1048576K
}
Event: 35.484 GC heap before
{Heap before GC invocations=12 (full 2):
 PSYoungGen      total 230400K, used 80438K [0x00000000e0000000, 0x00000000f4000000, 0x0000000100000000)
  eden space 215552K, 30% used [0x00000000e0000000,0x00000000e400e830,0x00000000ed280000)
  from space 14848K, 99% used [0x00000000ed280000,0x00000000ee0ff328,0x00000000ee100000)
  to   space 18432K, 0% used [0x00000000f2e00000,0x00000000f2e00000,0x00000000f4000000)
 ParOldGen       total 94720K, used 20127K [0x00000000a0000000, 0x00000000a5c80000, 0x00000000e0000000)
  object space 94720K, 21% used [0x00000000a0000000,0x00000000a13a7cc8,0x00000000a5c80000)
 Metaspace       used 56926K, capacity 58846K, committed 59028K, reserved 1099776K
  class space    used 7834K, capacity 8332K, committed 8408K, reserved 1048576K
Event: 35.536 GC heap after
Heap after GC invocations=12 (full 2):
 PSYoungGen      total 309248K, used 12598K [0x00000000e0000000, 0x00000000f4380000, 0x0000000100000000)
  eden space 290816K, 0% used [0x00000000e0000000,0x00000000e0000000,0x00000000f1c00000)
  from space 18432K, 68% used [0x00000000f2e00000,0x00000000f3a4d9d0,0x00000000f4000000)
  to   space 18432K, 0% used [0x00000000f1c00000,0x00000000f1c00000,0x00000000f2e00000)
 ParOldGen       total 94720K, used 27912K [0x00000000a0000000, 0x00000000a5c80000, 0x00000000e0000000)
  object space 94720K, 29% used [0x00000000a0000000,0x00000000a1b422b0,0x00000000a5c80000)
 Metaspace       used 56926K, capacity 58846K, committed 59028K, reserved 1099776K
  class space    used 7834K, capacity 8332K, committed 8408K, reserved 1048576K
}
Event: 35.536 GC heap before
{Heap before GC invocations=13 (full 3):
 PSYoungGen      total 309248K, used 12598K [0x00000000e0000000, 0x00000000f4380000, 0x0000000100000000)
  eden space 290816K, 0% used [0x00000000e0000000,0x00000000e0000000,0x00000000f1c00000)
  from space 18432K, 68% used [0x00000000f2e00000,0x00000000f3a4d9d0,0x00000000f4000000)
  to   space 18432K, 0% used [0x00000000f1c00000,0x00000000f1c00000,0x00000000f2e00000)
 ParOldGen       total 94720K, used 27912K [0x00000000a0000000, 0x00000000a5c80000, 0x00000000e0000000)
  object space 94720K, 29% used [0x00000000a0000000,0x00000000a1b422b0,0x00000000a5c80000)
 Metaspace       used 56926K, capacity 58846K, committed 59028K, reserved 1099776K
  class space    used 7834K, capacity 8332K, committed 8408K, reserved 1048576K
Event: 35.817 GC heap after
Heap after GC invocations=13 (full 3):
 PSYoungGen      total 309248K, used 0K [0x00000000e0000000, 0x00000000f4380000, 0x0000000100000000)
  eden space 290816K, 0% used [0x00000000e0000000,0x00000000e0000000,0x00000000f1c00000)
  from space 18432K, 0% used [0x00000000f2e00000,0x00000000f2e00000,0x00000000f4000000)
  to   space 18432K, 0% used [0x00000000f1c00000,0x00000000f1c00000,0x00000000f2e00000)
 ParOldGen       total 132608K, used 34856K [0x00000000a0000000, 0x00000000a8180000, 0x00000000e0000000)
  object space 132608K, 26% used [0x00000000a0000000,0x00000000a220a068,0x00000000a8180000)
 Metaspace       used 56926K, capacity 58846K, committed 59028K, reserved 1099776K
  class space    used 7834K, capacity 8332K, committed 8408K, reserved 1048576K
}
Event: 113.022 GC heap before
{Heap before GC invocations=14 (full 3):
 PSYoungGen      total 309248K, used 290816K [0x00000000e0000000, 0x00000000f4380000, 0x0000000100000000)
  eden space 290816K, 100% used [0x00000000e0000000,0x00000000f1c00000,0x00000000f1c00000)
  from space 18432K, 0% used [0x00000000f2e00000,0x00000000f2e00000,0x00000000f4000000)
  to   space 18432K, 0% used [0x00000000f1c00000,0x00000000f1c00000,0x00000000f2e00000)
 ParOldGen       total 132608K, used 34856K [0x00000000a0000000, 0x00000000a8180000, 0x00000000e0000000)
  object space 132608K, 26% used [0x00000000a0000000,0x00000000a220a068,0x00000000a8180000)
 Metaspace       used 63553K, capacity 65936K, committed 66264K, reserved 1105920K
  class space    used 8443K, capacity 9053K, committed 9176K, reserved 1048576K
Event: 113.057 GC heap after
Heap after GC invocations=14 (full 3):
 PSYoungGen      total 309248K, used 18430K [0x00000000e0000000, 0x00000000f4380000, 0x0000000100000000)
  eden space 290816K, 0% used [0x00000000e0000000,0x00000000e0000000,0x00000000f1c00000)
  from space 18432K, 99% used [0x00000000f1c00000,0x00000000f2dff908,0x00000000f2e00000)
  to   space 18432K, 0% used [0x00000000f2e00000,0x00000000f2e00000,0x00000000f4000000)
 ParOldGen       total 132608K, used 39147K [0x00000000a0000000, 0x00000000a8180000, 0x00000000e0000000)
  object space 132608K, 29% used [0x00000000a0000000,0x00000000a263acc0,0x00000000a8180000)
 Metaspace       used 63553K, capacity 65936K, committed 66264K, reserved 1105920K
  class space    used 8443K, capacity 9053K, committed 9176K, reserved 1048576K
}

